2021-02-25 19:06:24 7028 [Note] Plugin 'FEDERATED' is disabled.
2021-02-25 19:06:24 7028 [Note] InnoDB: Using atomics to ref count buffer pool pages
2021-02-25 19:06:24 7028 [Note] InnoDB: The InnoDB memory heap is disabled
2021-02-25 19:06:24 7028 [Note] InnoDB: Mutexes and rw_locks use Windows interlocked functions
2021-02-25 19:06:24 7028 [Note] InnoDB: Memory barrier is not used
2021-02-25 19:06:24 7028 [Note] InnoDB: Compressed tables use zlib 1.2.3
2021-02-25 19:06:24 7028 [Note] InnoDB: Not using CPU crc32 instructions
2021-02-25 19:06:24 7028 [Note] InnoDB: Initializing buffer pool, size = 128.0M
2021-02-25 19:06:24 7028 [Note] InnoDB: Completed initialization of buffer pool
2021-02-25 19:06:24 7028 [Note] InnoDB: Setting log file C:\Users\Colin Lassey\Dropbox\My PC (LAPTOP-CRJ34RQ2)\Documents\.html\web server\usbwebserver\mysql\data\ib_logfile101 size to 5 MB
2021-02-25 19:06:24 7028 [Note] InnoDB: Setting log file C:\Users\Colin Lassey\Dropbox\My PC (LAPTOP-CRJ34RQ2)\Documents\.html\web server\usbwebserver\mysql\data\ib_logfile1 size to 5 MB
2021-02-25 19:06:24 7028 [Note] InnoDB: Renaming log file C:\Users\Colin Lassey\Dropbox\My PC (LAPTOP-CRJ34RQ2)\Documents\.html\web server\usbwebserver\mysql\data\ib_logfile101 to C:\Users\Colin Lassey\Dropbox\My PC (LAPTOP-CRJ34RQ2)\Documents\.html\web server\usbwebserver\mysql\data\ib_logfile0
2021-02-25 19:06:24 7028 [Warning] InnoDB: New log files created, LSN=1626134
2021-02-25 19:06:24 7028 [Note] InnoDB: Highest supported file format is Barracuda.
2021-02-25 19:06:24 60c4 InnoDB: Error: page 5 log sequence number 1626646
InnoDB: is in the future! Current system log sequence number 1626636.
InnoDB: Your database may be corrupt or you may have copied the InnoDB
InnoDB: tablespace but not the InnoDB log files. See
InnoDB: http://dev.mysql.com/doc/refman/5.6/en/forcing-innodb-recovery.html
InnoDB: for more information.
2021-02-25 19:06:24 7028 [Note] InnoDB: 128 rollback segment(s) are active.
2021-02-25 19:06:24 7028 [Note] InnoDB: Waiting for purge to start
2021-02-25 19:06:24 7028 [Note] InnoDB: 5.6.34 started; log sequence number 1626636
2021-02-25 19:06:24 7028 [Warning] No existing UUID has been found, so we assume that this is the first time that this server has been started. Generating a new UUID: 76b50d7f-77c6-11eb-ba8e-b4a9fc8eb41d.
2021-02-25 19:06:24 7028 [Note] Server hostname (bind-address): '*'; port: 3306
2021-02-25 19:06:24 7028 [Note] IPv6 is available.
2021-02-25 19:06:24 7028 [Note]   - '::' resolves to '::';
2021-02-25 19:06:24 7028 [Note] Server socket created on IP: '::'.
