::1 - - [25/Feb/2021:19:07:05 -0500] "GET / HTTP/1.1" 200 94704
::1 - - [25/Feb/2021:19:07:05 -0500] "GET /style.css HTTP/1.1" 200 3041
::1 - - [25/Feb/2021:19:07:05 -0500] "GET /images/header.png HTTP/1.1" 200 7766
::1 - - [25/Feb/2021:19:07:05 -0500] "GET /images/background.jpg HTTP/1.1" 200 12386
::1 - - [25/Feb/2021:19:07:05 -0500] "GET /images/menuleft.jpg HTTP/1.1" 200 11236
::1 - - [25/Feb/2021:19:07:05 -0500] "GET /images/menu.jpg HTTP/1.1" 200 11219
::1 - - [25/Feb/2021:19:07:05 -0500] "GET /images/topcontent.jpg HTTP/1.1" 200 11578
::1 - - [25/Feb/2021:19:07:05 -0500] "GET /images/menuright.jpg HTTP/1.1" 200 11239
::1 - - [25/Feb/2021:19:07:05 -0500] "GET /images/content.jpg HTTP/1.1" 200 11916
::1 - - [25/Feb/2021:19:07:05 -0500] "GET /images/banner.jpg HTTP/1.1" 200 38149
::1 - - [25/Feb/2021:19:07:06 -0500] "GET /favicon.ico HTTP/1.1" 404 209
::1 - - [25/Feb/2021:21:16:15 -0500] "GET /phpmyadmin HTTP/1.1" 301 236
::1 - - [25/Feb/2021:21:16:15 -0500] "GET /phpmyadmin/ HTTP/1.1" 200 3407
::1 - - [25/Feb/2021:21:16:15 -0500] "GET /phpmyadmin/js/codemirror/lib/codemirror.css?v=4.7.5 HTTP/1.1" 200 8132
::1 - - [25/Feb/2021:21:16:15 -0500] "GET /phpmyadmin/themes/pmahomme/jquery/jquery-ui.css HTTP/1.1" 200 36566
::1 - - [25/Feb/2021:21:16:15 -0500] "GET /phpmyadmin/js/codemirror/addon/hint/show-hint.css?v=4.7.5 HTTP/1.1" 200 623
::1 - - [25/Feb/2021:21:16:15 -0500] "GET /phpmyadmin/js/codemirror/addon/lint/lint.css?v=4.7.5 HTTP/1.1" 200 2999
::1 - - [25/Feb/2021:21:16:15 -0500] "GET /phpmyadmin/js/get_scripts.js.php?scripts%5B%5D=jquery/jquery.ba-hashchange-1.3.js&scripts%5B%5D=jquery/jquery.debounce-1.0.5.js&scripts%5B%5D=menu-resizer.js&scripts%5B%5D=cross_framing_protection.js&scripts%5B%5D=rte.js&scripts%5B%5D=tracekit/tracekit.js&scripts%5B%5D=error_report.js&scripts%5B%5D=config.js&scripts%5B%5D=doclinks.js&scripts%5B%5D=functions.js&v=4.7.5 HTTP/1.1" 200 77087
::1 - - [25/Feb/2021:21:16:15 -0500] "GET /phpmyadmin/phpmyadmin.css.php?nocache=4842894172ltr&server=1 HTTP/1.1" 200 20133
::1 - - [25/Feb/2021:21:16:15 -0500] "GET /phpmyadmin/js/get_scripts.js.php?scripts%5B%5D=jquery/jquery.min.js&scripts%5B%5D=jquery/jquery-migrate-3.0.0.js&scripts%5B%5D=sprintf.js&scripts%5B%5D=ajax.js&scripts%5B%5D=keyhandler.js&scripts%5B%5D=jquery/jquery-ui.min.js&scripts%5B%5D=jquery/jquery.cookie.js&scripts%5B%5D=jquery/jquery.mousewheel.js&scripts%5B%5D=jquery/jquery.event.drag-2.2.js&scripts%5B%5D=jquery/jquery-ui-timepicker-addon.js&v=4.7.5 HTTP/1.1" 200 138876
::1 - - [25/Feb/2021:21:16:15 -0500] "GET /phpmyadmin/js/get_scripts.js.php?scripts%5B%5D=navigation.js&scripts%5B%5D=indexes.js&scripts%5B%5D=common.js&scripts%5B%5D=page_settings.js&scripts%5B%5D=shortcuts_handler.js&scripts%5B%5D=codemirror/lib/codemirror.js&scripts%5B%5D=codemirror/mode/sql/sql.js&scripts%5B%5D=codemirror/addon/runmode/runmode.js&scripts%5B%5D=codemirror/addon/hint/show-hint.js&scripts%5B%5D=codemirror/addon/hint/sql-hint.js&v=4.7.5 HTTP/1.1" 200 135447
::1 - - [25/Feb/2021:21:16:15 -0500] "GET /phpmyadmin/js/get_scripts.js.php?scripts%5B%5D=codemirror/addon/lint/lint.js&scripts%5B%5D=codemirror/addon/lint/sql-lint.js&scripts%5B%5D=console.js&v=4.7.5 HTTP/1.1" 200 13176
::1 - - [25/Feb/2021:21:16:15 -0500] "GET /phpmyadmin/js/whitelist.php?v=4.7.5&lang=en&collation_connection=utf8mb4_unicode_ci HTTP/1.1" 200 475
::1 - - [25/Feb/2021:21:16:15 -0500] "GET /phpmyadmin/js/messages.php?l=en&v=4.7.5&lang=en&collation_connection=utf8mb4_unicode_ci HTTP/1.1" 200 8692
::1 - - [25/Feb/2021:21:16:15 -0500] "GET /phpmyadmin/js/get_image.js.php?theme=pmahomme&v=4.7.5&lang=en&collation_connection=utf8mb4_unicode_ci HTTP/1.1" 200 1841
::1 - - [25/Feb/2021:21:16:15 -0500] "GET /phpmyadmin/themes/pmahomme/img/logo_right.png HTTP/1.1" 200 4601
::1 - - [25/Feb/2021:21:16:15 -0500] "GET /phpmyadmin/themes/dot.gif HTTP/1.1" 200 43
::1 - - [25/Feb/2021:21:16:15 -0500] "GET /phpmyadmin/themes/pmahomme/css/printview.css?v=4.7.5 HTTP/1.1" 200 2746
::1 - - [25/Feb/2021:21:16:16 -0500] "GET /phpmyadmin/themes/pmahomme/img/sprites.png?v=4.7.5 HTTP/1.1" 200 15764
::1 - - [25/Feb/2021:21:16:16 -0500] "GET /phpmyadmin/favicon.ico HTTP/1.1" 200 22486
::1 - - [25/Feb/2021:21:17:20 -0500] "POST /phpmyadmin/index.php HTTP/1.1" 302 25
::1 - - [25/Feb/2021:21:17:20 -0500] "GET /phpmyadmin/index.php HTTP/1.1" 200 13108
::1 - - [25/Feb/2021:21:17:21 -0500] "GET /phpmyadmin/phpmyadmin.css.php?nocache=6457200012ltr&server=1 HTTP/1.1" 200 20133
::1 - - [25/Feb/2021:21:17:21 -0500] "GET /phpmyadmin/js/whitelist.php?v=4.7.5 HTTP/1.1" 200 475
::1 - - [25/Feb/2021:21:17:21 -0500] "GET /phpmyadmin/js/messages.php?l=en&v=4.7.5 HTTP/1.1" 200 8692
::1 - - [25/Feb/2021:21:17:21 -0500] "GET /phpmyadmin/js/get_image.js.php?theme=pmahomme&v=4.7.5 HTTP/1.1" 200 1841
::1 - - [25/Feb/2021:21:17:21 -0500] "GET /phpmyadmin/themes/pmahomme/img/logo_left.png HTTP/1.1" 200 2827
::1 - - [25/Feb/2021:21:17:21 -0500] "GET /phpmyadmin/themes/pmahomme/img/ajax_clock_small.gif HTTP/1.1" 200 1810
::1 - - [25/Feb/2021:21:17:21 -0500] "GET /phpmyadmin/themes/pmahomme/img/s_collapseall.png HTTP/1.1" 200 170
::1 - - [25/Feb/2021:21:17:21 -0500] "GET /phpmyadmin/themes/pmahomme/img/left_nav_bg.png HTTP/1.1" 200 257
::1 - - [25/Feb/2021:21:17:21 -0500] "POST /phpmyadmin/navigation.php?ajax_request=1 HTTP/1.1" 200 1848
::1 - - [25/Feb/2021:21:17:21 -0500] "POST /phpmyadmin/version_check.php HTTP/1.1" 200 64
::1 - - [25/Feb/2021:21:17:51 -0500] "POST /phpmyadmin/index.php HTTP/1.1" 200 12655
::1 - - [25/Feb/2021:21:17:52 -0500] "GET /phpmyadmin/themes/original/jquery/jquery-ui.css HTTP/1.1" 200 36566
::1 - - [25/Feb/2021:21:17:52 -0500] "GET /phpmyadmin/phpmyadmin.css.php?nocache=6457199836ltr&server=1 HTTP/1.1" 200 19281
::1 - - [25/Feb/2021:21:17:52 -0500] "GET /phpmyadmin/js/get_image.js.php?theme=original&v=4.7.5 HTTP/1.1" 200 1769
::1 - - [25/Feb/2021:21:17:52 -0500] "GET /phpmyadmin/themes/original/img/logo_left.png HTTP/1.1" 200 2827
::1 - - [25/Feb/2021:21:17:52 -0500] "GET /phpmyadmin/themes/original/img/s_collapseall.png HTTP/1.1" 200 170
::1 - - [25/Feb/2021:21:17:52 -0500] "GET /phpmyadmin/themes/original/img/ajax_clock_small.gif HTTP/1.1" 200 1810
::1 - - [25/Feb/2021:21:17:52 -0500] "GET /phpmyadmin/themes/original/css/printview.css?v=4.7.5 HTTP/1.1" 200 2746
::1 - - [25/Feb/2021:21:17:52 -0500] "GET /phpmyadmin/themes/original/img/sprites.png?v=4.7.5 HTTP/1.1" 200 11812
::1 - - [25/Feb/2021:21:17:52 -0500] "GET /phpmyadmin/themes/original/img/logo_right.png HTTP/1.1" 200 4601
::1 - - [25/Feb/2021:21:17:52 -0500] "POST /phpmyadmin/navigation.php?ajax_request=1 HTTP/1.1" 200 1849
::1 - - [25/Feb/2021:21:17:52 -0500] "POST /phpmyadmin/version_check.php HTTP/1.1" 200 64
::1 - - [25/Feb/2021:21:18:02 -0500] "POST /phpmyadmin/index.php HTTP/1.1" 200 12656
::1 - - [25/Feb/2021:21:18:02 -0500] "POST /phpmyadmin/navigation.php?ajax_request=1 HTTP/1.1" 200 1848
::1 - - [25/Feb/2021:21:18:02 -0500] "POST /phpmyadmin/version_check.php HTTP/1.1" 200 64
::1 - - [25/Feb/2021:21:41:57 -0500] "POST /phpmyadmin/index.php HTTP/1.1" 200 1351
::1 - - [25/Feb/2021:21:59:10 -0500] "POST /phpmyadmin/index.php HTTP/1.1" 200 1351
::1 - - [25/Feb/2021:21:59:11 -0500] "POST /phpmyadmin/index.php HTTP/1.1" 200 1351
::1 - - [25/Feb/2021:21:59:12 -0500] "POST /phpmyadmin/index.php HTTP/1.1" 200 73
::1 - - [25/Feb/2021:21:59:12 -0500] "GET /phpmyadmin/index.php HTTP/1.1" 200 3376
::1 - - [25/Feb/2021:21:59:12 -0500] "GET /phpmyadmin/themes/pmahomme/jquery/jquery-ui.css HTTP/1.1" 304 -
::1 - - [25/Feb/2021:21:59:12 -0500] "GET /phpmyadmin/js/codemirror/lib/codemirror.css?v=4.7.5 HTTP/1.1" 304 -
::1 - - [25/Feb/2021:21:59:12 -0500] "GET /phpmyadmin/js/codemirror/addon/lint/lint.css?v=4.7.5 HTTP/1.1" 304 -
::1 - - [25/Feb/2021:21:59:12 -0500] "GET /phpmyadmin/js/codemirror/addon/hint/show-hint.css?v=4.7.5 HTTP/1.1" 304 -
::1 - - [25/Feb/2021:21:59:12 -0500] "GET /phpmyadmin/themes/pmahomme/img/logo_right.png HTTP/1.1" 304 -
::1 - - [25/Feb/2021:21:59:12 -0500] "GET /phpmyadmin/themes/dot.gif HTTP/1.1" 304 -
::1 - - [25/Feb/2021:21:59:12 -0500] "GET /phpmyadmin/themes/pmahomme/css/printview.css?v=4.7.5 HTTP/1.1" 304 -
::1 - - [25/Feb/2021:21:59:12 -0500] "GET /phpmyadmin/themes/pmahomme/img/sprites.png?v=4.7.5 HTTP/1.1" 304 -
::1 - - [25/Feb/2021:21:59:12 -0500] "GET /phpmyadmin/favicon.ico HTTP/1.1" 200 22486
